<?xml version="1.0" encoding="UTF-8"?>
<testng-results ignored="0" total="1" passed="1" failed="0" skipped="0">
  <reporter-output>
  </reporter-output>
  <suite started-at="2024-03-16T12:36:26 PDT" name="Default suite" finished-at="2024-03-16T12:37:15 PDT" duration-ms="49067">
    <groups>
    </groups>
    <test started-at="2024-03-16T12:36:26 PDT" name="Default test" finished-at="2024-03-16T12:37:15 PDT" duration-ms="49067">
      <class name="com.tests.TendableTest">
        <test-method is-config="true" signature="setup()[pri:0, instance:com.tests.TendableTest@229c6181]" started-at="2024-03-16T12:36:26 PDT" name="setup" finished-at="2024-03-16T12:36:38 PDT" duration-ms="12004" status="PASS">
          <reporter-output>
          </reporter-output>
        </test-method> <!-- setup -->
        <test-method signature="TCID_01_verifyTestMenuAccessibility()[pri:0, instance:com.tests.TendableTest@229c6181]" started-at="2024-03-16T12:36:38 PDT" name="TCID_01_verifyTestMenuAccessibility" finished-at="2024-03-16T12:37:15 PDT" duration-ms="36968" status="PASS">
          <reporter-output>
          </reporter-output>
        </test-method> <!-- TCID_01_verifyTestMenuAccessibility -->
      </class> <!-- com.tests.TendableTest -->
    </test> <!-- Default test -->
  </suite> <!-- Default suite -->
</testng-results>
